[35m[Appium][39m Welcome to Appium v1.22.3
[35m[Appium][39m Non-default server args:
[35m[Appium][39m   port: 50074
[35m[Appium][39m   loglevel: info
[35m[Appium][39m   tmpDir: C:\Users\KHABIB~1.MUS\AppData\Local\Temp\\Katalon\Appium\Temp1656768202997
[35m[Appium][39m   chromedriverPort: 50075
[35m[Appium][39m Deprecated server args:
[35m[Appium][39m   [31m--chromedriver-port[39m => --default-capabilities
[35m[Appium][39m Default capabilities, which will be added to each request unless overridden by desired capabilities:
[35m[Appium][39m   chromedriverPort: 50075
[35m[Appium][39m Appium REST http interface listener started on 0.0.0.0:50074
[35m[HTTP][39m [37m-->[39m [37mGET[39m [37m/wd/hub/status[39m
[35m[HTTP][39m [90m{}[39m
[35m[HTTP][39m [37m<-- GET /wd/hub/status [39m[32m200[39m [90m5 ms - 68[39m
[35m[HTTP][39m [90m[39m
[35m[HTTP][39m [37m-->[39m [37mGET[39m [37m/wd/hub/status[39m
[35m[HTTP][39m [90m{}[39m
[35m[HTTP][39m [37m<-- GET /wd/hub/status [39m[32m200[39m [90m2 ms - 68[39m
[35m[HTTP][39m [90m[39m
[35m[HTTP][39m [37m-->[39m [37mPOST[39m [37m/wd/hub/session[39m
[35m[HTTP][39m [90m{"desiredCapabilities":{"app":"D:\\Study\\Online Course\\Eduwork\\QA Engineer\\Tugas\\Automate\\KatalonStudio\\EduApp\\mobileapp\\HappyDayShopping.apk","noReset":true,"deviceName":"emulator-5554 (sdk_gphone64_x86_64 - Android 12)","fullReset":false,"platform":"ANDROID","newCommandTimeout":1800,"platformVersion":"12","automationName":"uiautomator2","autoGrantPermissions":true,"platformName":"Android","udid":"emulator-5554","systemPort":50083},"capabilities":{"firstMatch":[{"appium:app":"D:\\Study\\Online Course\\Eduwork\\QA Engineer\\Tugas\\Automate\\KatalonStudio\\EduApp\\mobileapp\\HappyDayShopping.apk","appium:autoGrantPermissions":true,"appium:automationName":"uiautomator2","appium:deviceName":"emulator-5554 (sdk_gphone64_x86_64 - Android 12)","appium:fullReset":false,"appium:newCommandTimeout":1800,"appium:noReset":true,"platform":"ANDROID","platformName":"android","appium:platformVersion":"12","appium:systemPort":50083,"appium:udid":"emulator-5554"}]}}[39m
[35m[BaseDriver][39m The following capabilities are not standard capabilities and should have an extension prefix:
[35m[BaseDriver][39m   platform
[35m[BaseDriver][39m   chromedriverPort
[35m[Appium][39m Appium v1.22.3 creating new AndroidUiautomator2Driver (v1.70.1) session
[35m[BaseDriver][39m The following capabilities were provided, but are not recognized by Appium:
[35m[BaseDriver][39m   platform
[35m[BaseDriver][39m Session created with session id: 7a0940b0-b39f-476d-8797-5e9dd70422c7
[35m[BaseDriver][39m Using local app 'D:\Study\Online Course\Eduwork\QA Engineer\Tugas\Automate\KatalonStudio\EduApp\mobileapp\HappyDayShopping.apk'
[35m[ADB][39m Found 1 'build-tools' folders under 'C:\Users\khabib.mustofa\.katalon\tools\android_sdk' (newest first):
[35m[ADB][39m     C:/Users/khabib.mustofa/.katalon/tools/android_sdk/build-tools/29.0.3
[35m[ADB][39m Using 'adb.exe' from 'C:\Users\khabib.mustofa\.katalon\tools\android_sdk\platform-tools\adb.exe'
[35m[AndroidDriver][39m Retrieving device list
[35m[AndroidDriver][39m Using device: emulator-5554
[35m[ADB][39m Using 'adb.exe' from 'C:\Users\khabib.mustofa\.katalon\tools\android_sdk\platform-tools\adb.exe'
[35m[ADB][39m Getting device platform version
[35m[UiAutomator2][39m Relaxing hidden api policy
[35m[ADB][39m Package name: 'com.ecwid.ShopAt.HappyDayShopping'
[35m[ADB][39m Main activity name: 'com.pb.MainActivity'
[35m[ADB][39m Using 'apksigner.jar' from 'C:\Users\khabib.mustofa\.katalon\tools\android_sdk\build-tools\29.0.3\lib\apksigner.jar'
[35m[ADB][39m 'C:\Users\khabib.mustofa\AppData\Roaming\npm\node_modules\appium\node_modules\appium-uiautomator2-server\apks\appium-uiautomator2-server-v4.27.0.apk' is signed with the default certificate
[35m[ADB][39m 'C:\Users\khabib.mustofa\AppData\Roaming\npm\node_modules\appium\node_modules\appium-uiautomator2-server\apks\appium-uiautomator2-server-debug-androidTest.apk' is signed with the default certificate
[35m[UiAutomator2][39m Server packages are not going to be (re)installed
[35m[ADB][39m Adding packages ["io.appium.settings","io.appium.uiautomator2.server","io.appium.uiautomator2.server.test"] to Doze whitelist
[35m[ADB][39m 'D:\Study\Online Course\Eduwork\QA Engineer\Tugas\Automate\KatalonStudio\EduApp\mobileapp\HappyDayShopping.apk' is signed with a non-default certificate
[35m[UiAutomator2][39m Starting UIAutomator2 server 4.27.0
[35m[UiAutomator2][39m Using UIAutomator2 server from 'C:\Users\khabib.mustofa\AppData\Roaming\npm\node_modules\appium\node_modules\appium-uiautomator2-server\apks\appium-uiautomator2-server-v4.27.0.apk' and test from 'C:\Users\khabib.mustofa\AppData\Roaming\npm\node_modules\appium\node_modules\appium-uiautomator2-server\apks\appium-uiautomator2-server-debug-androidTest.apk'
[35m[UiAutomator2][39m Waiting up to 30000ms for UiAutomator2 to be online...
[35m[WD Proxy][39m socket hang up
[35m[WD Proxy][39m socket hang up
[35m[WD Proxy][39m Determined the downstream protocol as 'W3C'
[35m[AndroidDriver][39m Screen already unlocked, doing nothing
[35m[UiAutomator2][39m Starting 'com.ecwid.ShopAt.HappyDayShopping/com.pb.MainActivity and waiting for 'com.ecwid.ShopAt.HappyDayShopping/com.pb.MainActivity'
[35m[Appium][39m New AndroidUiautomator2Driver session created successfully, session 7a0940b0-b39f-476d-8797-5e9dd70422c7 added to master session list
[35m[HTTP][39m [37m<-- POST /wd/hub/session [39m[32m200[39m [90m7780 ms - 1443[39m
[35m[HTTP][39m [90m[39m
[35m[HTTP][39m [37m-->[39m [37mGET[39m [37m/wd/hub/session/7a0940b0-b39f-476d-8797-5e9dd70422c7[39m
[35m[HTTP][39m [90m{}[39m
[35m[HTTP][39m [37m<-- GET /wd/hub/session/7a0940b0-b39f-476d-8797-5e9dd70422c7 [39m[32m200[39m [90m11 ms - 1397[39m
[35m[HTTP][39m [90m[39m
[35m[HTTP][39m [37m-->[39m [37mGET[39m [37m/wd/hub/session/7a0940b0-b39f-476d-8797-5e9dd70422c7[39m
[35m[HTTP][39m [90m{}[39m
[35m[HTTP][39m [37m<-- GET /wd/hub/session/7a0940b0-b39f-476d-8797-5e9dd70422c7 [39m[32m200[39m [90m8 ms - 1397[39m
[35m[HTTP][39m [90m[39m
[35m[HTTP][39m [37m-->[39m [37mGET[39m [37m/wd/hub/status[39m
[35m[HTTP][39m [90m{}[39m
[35m[HTTP][39m [37m<-- GET /wd/hub/status [39m[32m200[39m [90m1 ms - 68[39m
[35m[HTTP][39m [90m[39m
[35m[HTTP][39m [37m-->[39m [37mPOST[39m [37m/wd/hub/session/7a0940b0-b39f-476d-8797-5e9dd70422c7/timeouts[39m
[35m[HTTP][39m [90m{"implicit":60000}[39m
[35m[HTTP][39m [37m<-- POST /wd/hub/session/7a0940b0-b39f-476d-8797-5e9dd70422c7/timeouts [39m[32m200[39m [90m2 ms - 14[39m
[35m[HTTP][39m [90m[39m
[35m[HTTP][39m [37m-->[39m [37mGET[39m [37m/wd/hub/session/7a0940b0-b39f-476d-8797-5e9dd70422c7/source[39m
[35m[HTTP][39m [90m{}[39m
[35m[W3C (7a0940b0)][39m Driver proxy active, passing request on via HTTP proxy
[35m[WD Proxy][39m Replacing sessionId bb44e87b-7639-4b08-b59e-225871b4bb36 with 7a0940b0-b39f-476d-8797-5e9dd70422c7
[35m[HTTP][39m [37m<-- GET /wd/hub/session/7a0940b0-b39f-476d-8797-5e9dd70422c7/source [39m[32m200[39m [90m250 ms - 1921[39m
[35m[HTTP][39m [90m[39m
[35m[HTTP][39m [37m-->[39m [37mGET[39m [37m/wd/hub/session/7a0940b0-b39f-476d-8797-5e9dd70422c7/screenshot[39m
[35m[HTTP][39m [90m{}[39m
[35m[HTTP][39m [37m<-- GET /wd/hub/session/7a0940b0-b39f-476d-8797-5e9dd70422c7/screenshot [39m[32m200[39m [90m381 ms - 221336[39m
[35m[HTTP][39m [90m[39m
[35m[HTTP][39m [37m-->[39m [37mGET[39m [37m/wd/hub/session/7a0940b0-b39f-476d-8797-5e9dd70422c7/source[39m
[35m[HTTP][39m [90m{}[39m
[35m[W3C (7a0940b0)][39m Driver proxy active, passing request on via HTTP proxy
[35m[WD Proxy][39m Replacing sessionId bb44e87b-7639-4b08-b59e-225871b4bb36 with 7a0940b0-b39f-476d-8797-5e9dd70422c7
[35m[HTTP][39m [37m<-- GET /wd/hub/session/7a0940b0-b39f-476d-8797-5e9dd70422c7/source [39m[32m200[39m [90m681 ms - 43120[39m
[35m[HTTP][39m [90m[39m
[35m[HTTP][39m [37m-->[39m [37mGET[39m [37m/wd/hub/session/7a0940b0-b39f-476d-8797-5e9dd70422c7/screenshot[39m
[35m[HTTP][39m [90m{}[39m
[35m[HTTP][39m [37m<-- GET /wd/hub/session/7a0940b0-b39f-476d-8797-5e9dd70422c7/screenshot [39m[32m200[39m [90m420 ms - 982276[39m
[35m[HTTP][39m [90m[39m
[35m[HTTP][39m [37m-->[39m [37mGET[39m [37m/wd/hub/session/7a0940b0-b39f-476d-8797-5e9dd70422c7/source[39m
[35m[HTTP][39m [90m{}[39m
[35m[W3C (7a0940b0)][39m Driver proxy active, passing request on via HTTP proxy
[35m[WD Proxy][39m Replacing sessionId bb44e87b-7639-4b08-b59e-225871b4bb36 with 7a0940b0-b39f-476d-8797-5e9dd70422c7
[35m[HTTP][39m [37m<-- GET /wd/hub/session/7a0940b0-b39f-476d-8797-5e9dd70422c7/source [39m[32m200[39m [90m77 ms - 23677[39m
[35m[HTTP][39m [90m[39m
[35m[HTTP][39m [37m-->[39m [37mGET[39m [37m/wd/hub/session/7a0940b0-b39f-476d-8797-5e9dd70422c7/screenshot[39m
[35m[HTTP][39m [90m{}[39m
[35m[HTTP][39m [37m<-- GET /wd/hub/session/7a0940b0-b39f-476d-8797-5e9dd70422c7/screenshot [39m[32m200[39m [90m235 ms - 121984[39m
[35m[HTTP][39m [90m[39m
[35m[HTTP][39m [37m-->[39m [37mGET[39m [37m/wd/hub/session/7a0940b0-b39f-476d-8797-5e9dd70422c7/source[39m
[35m[HTTP][39m [90m{}[39m
[35m[W3C (7a0940b0)][39m Driver proxy active, passing request on via HTTP proxy
[35m[WD Proxy][39m Replacing sessionId bb44e87b-7639-4b08-b59e-225871b4bb36 with 7a0940b0-b39f-476d-8797-5e9dd70422c7
[35m[HTTP][39m [37m<-- GET /wd/hub/session/7a0940b0-b39f-476d-8797-5e9dd70422c7/source [39m[32m200[39m [90m815 ms - 47700[39m
[35m[HTTP][39m [90m[39m
[35m[HTTP][39m [37m-->[39m [37mGET[39m [37m/wd/hub/session/7a0940b0-b39f-476d-8797-5e9dd70422c7/screenshot[39m
[35m[HTTP][39m [90m{}[39m
[35m[HTTP][39m [37m<-- GET /wd/hub/session/7a0940b0-b39f-476d-8797-5e9dd70422c7/screenshot [39m[32m200[39m [90m578 ms - 827280[39m
[35m[HTTP][39m [90m[39m
[35m[HTTP][39m [37m-->[39m [37mGET[39m [37m/wd/hub/session/7a0940b0-b39f-476d-8797-5e9dd70422c7/source[39m
[35m[HTTP][39m [90m{}[39m
[35m[W3C (7a0940b0)][39m Driver proxy active, passing request on via HTTP proxy
[35m[WD Proxy][39m Replacing sessionId bb44e87b-7639-4b08-b59e-225871b4bb36 with 7a0940b0-b39f-476d-8797-5e9dd70422c7
[35m[HTTP][39m [37m<-- GET /wd/hub/session/7a0940b0-b39f-476d-8797-5e9dd70422c7/source [39m[32m200[39m [90m1943 ms - 21070[39m
[35m[HTTP][39m [90m[39m
[35m[HTTP][39m [37m-->[39m [37mGET[39m [37m/wd/hub/session/7a0940b0-b39f-476d-8797-5e9dd70422c7/screenshot[39m
[35m[HTTP][39m [90m{}[39m
[35m[HTTP][39m [37m<-- GET /wd/hub/session/7a0940b0-b39f-476d-8797-5e9dd70422c7/screenshot [39m[32m200[39m [90m265 ms - 83584[39m
[35m[HTTP][39m [90m[39m
[35m[HTTP][39m [37m-->[39m [37mGET[39m [37m/wd/hub/session/7a0940b0-b39f-476d-8797-5e9dd70422c7/source[39m
[35m[HTTP][39m [90m{}[39m
[35m[W3C (7a0940b0)][39m Driver proxy active, passing request on via HTTP proxy
[35m[WD Proxy][39m Replacing sessionId bb44e87b-7639-4b08-b59e-225871b4bb36 with 7a0940b0-b39f-476d-8797-5e9dd70422c7
[35m[HTTP][39m [37m<-- GET /wd/hub/session/7a0940b0-b39f-476d-8797-5e9dd70422c7/source [39m[32m200[39m [90m378 ms - 40569[39m
[35m[HTTP][39m [90m[39m
[35m[HTTP][39m [37m-->[39m [37mGET[39m [37m/wd/hub/session/7a0940b0-b39f-476d-8797-5e9dd70422c7/screenshot[39m
[35m[HTTP][39m [90m{}[39m
[35m[HTTP][39m [37m<-- GET /wd/hub/session/7a0940b0-b39f-476d-8797-5e9dd70422c7/screenshot [39m[32m200[39m [90m397 ms - 325668[39m
[35m[HTTP][39m [90m[39m
[35m[HTTP][39m [37m-->[39m [37mPOST[39m [37m/wd/hub/session/7a0940b0-b39f-476d-8797-5e9dd70422c7/elements[39m
[35m[HTTP][39m [90m{"using":"xpath","value":"//*[@class = 'android.widget.TextView' and (@text = 'Shopping cart' or . = 'Shopping cart')]"}[39m
[35m[HTTP][39m [37m<-- POST /wd/hub/session/7a0940b0-b39f-476d-8797-5e9dd70422c7/elements [39m[32m200[39m [90m862 ms - 267[39m
[35m[HTTP][39m [90m[39m
[35m[HTTP][39m [37m-->[39m [37mPOST[39m [37m/wd/hub/session/7a0940b0-b39f-476d-8797-5e9dd70422c7/elements[39m
[35m[HTTP][39m [90m{"using":"-android uiautomator","value":"new UiSelector().className(\"android.widget.TextView\").text(\"Shopping cart\")"}[39m
[35m[HTTP][39m [37m<-- POST /wd/hub/session/7a0940b0-b39f-476d-8797-5e9dd70422c7/elements [39m[32m200[39m [90m180 ms - 267[39m
[35m[HTTP][39m [90m[39m
[35m[HTTP][39m [37m-->[39m [37mGET[39m [37m/wd/hub/session/7a0940b0-b39f-476d-8797-5e9dd70422c7/window/rect[39m
[35m[HTTP][39m [90m{}[39m
[35m[HTTP][39m [37m<-- GET /wd/hub/session/7a0940b0-b39f-476d-8797-5e9dd70422c7/window/rect [39m[32m200[39m [90m14 ms - 50[39m
[35m[HTTP][39m [90m[39m
[35m[HTTP][39m [37m-->[39m [37mPOST[39m [37m/wd/hub/session/7a0940b0-b39f-476d-8797-5e9dd70422c7/elements[39m
[35m[HTTP][39m [90m{"using":"xpath","value":"//hierarchy/android.widget.FrameLayout[1]/android.widget.LinearLayout[1]/android.widget.FrameLayout[1]/android.widget.FrameLayout[1]/android.widget.FrameLayout[1]/android.view.ViewGroup[1]/android.widget.FrameLayout[1]/android.widget.FrameLayout[2]/android.webkit.WebView[1]/android.view.View[1]/android.view.View[1]/android.view.View[2]/android.view.View[1]/android.widget.TextView[5]"}[39m
[35m[HTTP][39m [37m<-- POST /wd/hub/session/7a0940b0-b39f-476d-8797-5e9dd70422c7/elements [39m[32m200[39m [90m239 ms - 139[39m
[35m[HTTP][39m [90m[39m
[35m[HTTP][39m [37m-->[39m [37mGET[39m [37m/wd/hub/session/7a0940b0-b39f-476d-8797-5e9dd70422c7/element/00000000-0000-0546-0000-eb4b0000026a/location[39m
[35m[HTTP][39m [90m{}[39m
[35m[W3C (7a0940b0)][39m Driver proxy active, passing request on via HTTP proxy
[35m[WD Proxy][39m Replacing sessionId bb44e87b-7639-4b08-b59e-225871b4bb36 with 7a0940b0-b39f-476d-8797-5e9dd70422c7
[35m[HTTP][39m [37m<-- GET /wd/hub/session/7a0940b0-b39f-476d-8797-5e9dd70422c7/element/00000000-0000-0546-0000-eb4b0000026a/location [39m[32m200[39m [90m21 ms - 77[39m
[35m[HTTP][39m [90m[39m
[35m[HTTP][39m [37m-->[39m [37mGET[39m [37m/wd/hub/session/7a0940b0-b39f-476d-8797-5e9dd70422c7/element/00000000-0000-0546-0000-eb4b0000026a/text[39m
[35m[HTTP][39m [90m{}[39m
[35m[W3C (7a0940b0)][39m Driver proxy active, passing request on via HTTP proxy
[35m[WD Proxy][39m Replacing sessionId bb44e87b-7639-4b08-b59e-225871b4bb36 with 7a0940b0-b39f-476d-8797-5e9dd70422c7
[35m[HTTP][39m [37m<-- GET /wd/hub/session/7a0940b0-b39f-476d-8797-5e9dd70422c7/element/00000000-0000-0546-0000-eb4b0000026a/text [39m[32m200[39m [90m15 ms - 76[39m
[35m[HTTP][39m [90m[39m
[35m[HTTP][39m [37m-->[39m [37mGET[39m [37m/wd/hub/session/7a0940b0-b39f-476d-8797-5e9dd70422c7/source[39m
[35m[HTTP][39m [90m{}[39m
[35m[W3C (7a0940b0)][39m Driver proxy active, passing request on via HTTP proxy
[35m[WD Proxy][39m Replacing sessionId bb44e87b-7639-4b08-b59e-225871b4bb36 with 7a0940b0-b39f-476d-8797-5e9dd70422c7
[35m[HTTP][39m [37m<-- GET /wd/hub/session/7a0940b0-b39f-476d-8797-5e9dd70422c7/source [39m[32m200[39m [90m142 ms - 40569[39m
[35m[HTTP][39m [90m[39m
[35m[HTTP][39m [37m-->[39m [37mGET[39m [37m/wd/hub/session/7a0940b0-b39f-476d-8797-5e9dd70422c7/screenshot[39m
[35m[HTTP][39m [90m{}[39m
[35m[HTTP][39m [37m<-- GET /wd/hub/session/7a0940b0-b39f-476d-8797-5e9dd70422c7/screenshot [39m[32m200[39m [90m328 ms - 325668[39m
[35m[HTTP][39m [90m[39m
[35m[HTTP][39m [37m-->[39m [37mDELETE[39m [37m/wd/hub/session/7a0940b0-b39f-476d-8797-5e9dd70422c7[39m
[35m[HTTP][39m [90m{}[39m
[35m[Appium][39m Removing session 7a0940b0-b39f-476d-8797-5e9dd70422c7 from our master session list
[35m[UiAutomator2][39m Restoring hidden api policy to the device default configuration
[35m[HTTP][39m [37m<-- DELETE /wd/hub/session/7a0940b0-b39f-476d-8797-5e9dd70422c7 [39m[32m200[39m [90m532 ms - 14[39m
[35m[HTTP][39m [90m[39m
